<?xml version="1.0" encoding="UTF-8"?>
<!-- Generated by org.testng.reporters.JUnitReportReporter -->
<testsuite hostname="DESKTOP-VV2S25H" failures="0" tests="1" name="orangehrmproject.testcases.TC_LoginTest_001" time="6.999" errors="0" timestamp="2022-09-17T12:10:23 IST" skipped="0">
  <testcase classname="orangehrmproject.testcases.TC_LoginTest_001" name="loginTest" time="6.999"/>
  <system-out/>
</testsuite> <!-- orangehrmproject.testcases.TC_LoginTest_001 -->
